# JRE version: OpenJDK Runtime Environment Temurin-21.0.1+12 (21.0.1+12) (build 21.0.1+12-LTS)
# Java VM: OpenJDK 64-Bit Server VM Temurin-21.0.1+12 (21.0.1+12-LTS, mixed mode, sharing, tiered, compressed oops, compressed class ptrs, g1 gc, windows-amd64)
GC Precious Log:
 CardTable entry size: 512
 Card Set container configuration: InlinePtr #cards 4 size 8 Array Of Cards #cards 16 size 48 Howl #buckets 8 coarsen threshold 3686 Howl Bitmap #cards 512 size 80 coarsen threshold 460 Card regions per heap region 1 cards per card region 4096
 CPUs: 4 total, 4 available
 Memory: 8074M
 Large Page Support: Disabled
 NUMA Support: Disabled
 Compressed Oops: Enabled (Zero based)
 Heap Region Size: 2M
 Heap Min Capacity: 512M
 Heap Initial Capacity: 512M
 Heap Max Capacity: 4072M
 Pre-touch: Disabled
 Parallel Workers: 4
 Concurrent Workers: 1
 Concurrent Refinement Workers: 4
 Periodic GC: Disabled
 String Deduplication is enabled
Heap:
 garbage-first heap   total 524288K, used 111849K [0x0000000701800000, 0x0000000800000000)
  region size 2048K, 14 young (28672K), 4 survivors (8192K)
 Metaspace       used 85605K, committed 86208K, reserved 1179648K
  class space    used 11659K, committed 11904K, reserved 1048576K
GC Heap History (20 events):
Event: 233.919 GC heap before
{Heap before GC invocations=30 (full 4):
 garbage-first heap   total 524288K, used 165153K [0x0000000701800000, 0x0000000800000000)
  region size 2048K, 40 young (81920K), 1 survivors (2048K)
 Metaspace       used 82144K, committed 82752K, reserved 1179648K
  class space    used 11291K, committed 11520K, reserved 1048576K
}
Event: 233.922 GC heap after
{Heap after GC invocations=31 (full 4):
 garbage-first heap   total 524288K, used 85037K [0x0000000701800000, 0x0000000800000000)
  region size 2048K, 1 young (2048K), 1 survivors (2048K)
 Metaspace       used 82144K, committed 82752K, reserved 1179648K
  class space    used 11291K, committed 11520K, reserved 1048576K
}
Event: 254.734 GC heap before
{Heap before GC invocations=31 (full 4):
 garbage-first heap   total 524288K, used 164909K [0x0000000701800000, 0x0000000800000000)
  region size 2048K, 40 young (81920K), 1 survivors (2048K)
 Metaspace       used 83228K, committed 83840K, reserved 1179648K
  class space    used 11463K, committed 11712K, reserved 1048576K
}
Event: 254.739 GC heap after
{Heap after GC invocations=32 (full 4):
 garbage-first heap   total 524288K, used 87524K [0x0000000701800000, 0x0000000800000000)
  region size 2048K, 2 young (4096K), 2 survivors (4096K)
 Metaspace       used 83228K, committed 83840K, reserved 1179648K
  class space    used 11463K, committed 11712K, reserved 1048576K
}
Event: 272.440 GC heap before
{Heap before GC invocations=32 (full 4):
 garbage-first heap   total 524288K, used 165348K [0x0000000701800000, 0x0000000800000000)
  region size 2048K, 40 young (81920K), 2 survivors (4096K)
 Metaspace       used 84268K, committed 84864K, reserved 1179648K
  class space    used 11570K, committed 11840K, reserved 1048576K
}
Event: 272.445 GC heap after
{Heap after GC invocations=33 (full 4):
 garbage-first heap   total 524288K, used 88774K [0x0000000701800000, 0x0000000800000000)
  region size 2048K, 3 young (6144K), 3 survivors (6144K)
 Metaspace       used 84268K, committed 84864K, reserved 1179648K
  class space    used 11570K, committed 11840K, reserved 1048576K
}
Event: 278.258 GC heap before
{Heap before GC invocations=33 (full 4):
 garbage-first heap   total 524288K, used 164550K [0x0000000701800000, 0x0000000800000000)
  region size 2048K, 40 young (81920K), 3 survivors (6144K)
 Metaspace       used 84406K, committed 85056K, reserved 1179648K
  class space    used 11571K, committed 11840K, reserved 1048576K
}
Event: 278.263 GC heap after
{Heap after GC invocations=34 (full 4):
 garbage-first heap   total 524288K, used 88942K [0x0000000701800000, 0x0000000800000000)
  region size 2048K, 3 young (6144K), 3 survivors (6144K)
 Metaspace       used 84406K, committed 85056K, reserved 1179648K
  class space    used 11571K, committed 11840K, reserved 1048576K
}
Event: 296.614 GC heap before
{Heap before GC invocations=34 (full 4):
 garbage-first heap   total 524288K, used 164718K [0x0000000701800000, 0x0000000800000000)
  region size 2048K, 40 young (81920K), 3 survivors (6144K)
 Metaspace       used 84583K, committed 85248K, reserved 1179648K
  class space    used 11571K, committed 11840K, reserved 1048576K
}
Event: 296.620 GC heap after
{Heap after GC invocations=35 (full 4):
 garbage-first heap   total 524288K, used 89795K [0x0000000701800000, 0x0000000800000000)
  region size 2048K, 3 young (6144K), 3 survivors (6144K)
 Metaspace       used 84583K, committed 85248K, reserved 1179648K
  class space    used 11571K, committed 11840K, reserved 1048576K
}
Event: 312.626 GC heap before
{Heap before GC invocations=35 (full 4):
 garbage-first heap   total 524288K, used 165571K [0x0000000701800000, 0x0000000800000000)
  region size 2048K, 40 young (81920K), 3 survivors (6144K)
 Metaspace       used 84676K, committed 85248K, reserved 1179648K
  class space    used 11572K, committed 11840K, reserved 1048576K
}
Event: 312.632 GC heap after
{Heap after GC invocations=36 (full 4):
 garbage-first heap   total 524288K, used 90219K [0x0000000701800000, 0x0000000800000000)
  region size 2048K, 3 young (6144K), 3 survivors (6144K)
 Metaspace       used 84676K, committed 85248K, reserved 1179648K
  class space    used 11572K, committed 11840K, reserved 1048576K
}
Event: 458.551 GC heap before
{Heap before GC invocations=36 (full 4):
 garbage-first heap   total 524288K, used 165995K [0x0000000701800000, 0x0000000800000000)
  region size 2048K, 40 young (81920K), 3 survivors (6144K)
 Metaspace       used 84737K, committed 85312K, reserved 1179648K
  class space    used 11573K, committed 11840K, reserved 1048576K
}
Event: 458.560 GC heap after
{Heap after GC invocations=37 (full 4):
 garbage-first heap   total 524288K, used 91728K [0x0000000701800000, 0x0000000800000000)
  region size 2048K, 4 young (8192K), 4 survivors (8192K)
 Metaspace       used 84737K, committed 85312K, reserved 1179648K
  class space    used 11573K, committed 11840K, reserved 1048576K
}
Event: 474.172 GC heap before
{Heap before GC invocations=37 (full 4):
 garbage-first heap   total 524288K, used 165456K [0x0000000701800000, 0x0000000800000000)
  region size 2048K, 40 young (81920K), 4 survivors (8192K)
 Metaspace       used 84870K, committed 85504K, reserved 1179648K
  class space    used 11583K, committed 11840K, reserved 1048576K
}
Event: 474.178 GC heap after
{Heap after GC invocations=38 (full 4):
 garbage-first heap   total 524288K, used 91146K [0x0000000701800000, 0x0000000800000000)
  region size 2048K, 2 young (4096K), 2 survivors (4096K)
 Metaspace       used 84870K, committed 85504K, reserved 1179648K
  class space    used 11583K, committed 11840K, reserved 1048576K
}
Event: 502.674 GC heap before
{Heap before GC invocations=38 (full 4):
 garbage-first heap   total 524288K, used 168970K [0x0000000701800000, 0x0000000800000000)
  region size 2048K, 40 young (81920K), 2 survivors (4096K)
 Metaspace       used 84959K, committed 85568K, reserved 1179648K
  class space    used 11583K, committed 11840K, reserved 1048576K
}
Event: 502.679 GC heap after
{Heap after GC invocations=39 (full 4):
 garbage-first heap   total 524288K, used 90894K [0x0000000701800000, 0x0000000800000000)
  region size 2048K, 2 young (4096K), 2 survivors (4096K)
 Metaspace       used 84959K, committed 85568K, reserved 1179648K
  class space    used 11583K, committed 11840K, reserved 1048576K
}
Event: 506.878 GC heap before
{Heap before GC invocations=39 (full 4):
 garbage-first heap   total 524288K, used 168718K [0x0000000701800000, 0x0000000800000000)
  region size 2048K, 40 young (81920K), 2 survivors (4096K)
 Metaspace       used 85113K, committed 85696K, reserved 1179648K
  class space    used 11595K, committed 11840K, reserved 1048576K
}
Event: 506.882 GC heap after
{Heap after GC invocations=40 (full 4):
 garbage-first heap   total 524288K, used 91879K [0x0000000701800000, 0x0000000800000000)
  region size 2048K, 3 young (6144K), 3 survivors (6144K)
 Metaspace       used 85113K, committed 85696K, reserved 1179648K
  class space    used 11595K, committed 11840K, reserved 1048576K
}

